<?xml version="1.0" encoding="UTF-8"?>
<!-- Generated by org.testng.reporters.JUnitReportReporter -->
<testsuite hostname="MacBook-Pro.local" failures="0" tests="1" name="com.danielqa.seleniumbdd.runner.TestRunner" time="7.852" errors="0" timestamp="16 Feb 2024 21:27:46 GMT" skipped="1">
  <testcase classname="com.danielqa.seleniumbdd.runner.TestRunner" name="runScenario" time="7.852">
    <skipped/>
  </testcase> <!-- runScenario -->
</testsuite> <!-- com.danielqa.seleniumbdd.runner.TestRunner -->
